<?xml version="1.0" encoding="UTF-8"?>
<!-- Generated by org.testng.reporters.JUnitReportReporter -->
<testsuite skipped="0" hostname="vmpc1075" name="com.vzone.TestCases.VerifyVzoneLogin" tests="1" failures="0" timestamp="22 Aug 2017 11:37:16 GMT" time="6.656" errors="0">
  <testcase name="VerifyLogin" time="6.656" classname="com.vzone.TestCases.VerifyVzoneLogin"/>
</testsuite> <!-- com.vzone.TestCases.VerifyVzoneLogin -->
