<?xml version="1.0" encoding="UTF-8"?>
<!-- Generated by org.testng.reporters.JUnitReportReporter -->
<testsuite skipped="0" hostname="vmpc1075" name="com.vzone.TestCases.VerifyLogin" tests="1" failures="0" timestamp="28 Aug 2017 11:04:42 GMT" time="15.036" errors="0">
  <testcase name="checkVaildUser" time="15.036" classname="com.vzone.TestCases.VerifyLogin"/>
</testsuite> <!-- com.vzone.TestCases.VerifyLogin -->
