<?xml version="1.0" encoding="UTF-8"?>
<!-- Generated by org.testng.reporters.JUnitReportReporter -->
<testsuite skipped="0" hostname="vmpc1075" name="com.vzone.TestCases.VerifyLogin" tests="1" failures="0" timestamp="29 Aug 2017 05:17:55 GMT" time="26.574" errors="0">
  <testcase name="checkVaildUser" time="26.574" classname="com.vzone.TestCases.VerifyLogin"/>
</testsuite> <!-- com.vzone.TestCases.VerifyLogin -->
