<?xml version="1.0" encoding="UTF-8"?>
<!-- Generated by org.testng.reporters.JUnitReportReporter -->
<testsuite skipped="0" hostname="vmpc1075" name="com.vzone.crossbrowser.CrossBrowserTest" tests="3" failures="0" timestamp="29 May 2017 06:40:26 GMT" time="45.398" errors="0">
  <testcase name="CBTest" time="16.581" classname="com.vzone.crossbrowser.CrossBrowserTest"/>
  <testcase name="CBTest" time="14.911" classname="com.vzone.crossbrowser.CrossBrowserTest"/>
  <testcase name="CBTest" time="13.906" classname="com.vzone.crossbrowser.CrossBrowserTest"/>
</testsuite> <!-- com.vzone.crossbrowser.CrossBrowserTest -->
