<?xml version="1.0" encoding="UTF-8"?>
<!-- Generated by org.testng.reporters.JUnitReportReporter -->
<testsuite skipped="0" hostname="vmpc1075" name="com.vzone.login.vzone_LoginLogut2" tests="1" failures="0" timestamp="03 May 2017 11:05:36 GMT" time="8.995" errors="0">
  <testcase name="LoginToApplication" time="8.995" classname="com.vzone.login.vzone_LoginLogut2"/>
</testsuite> <!-- com.vzone.login.vzone_LoginLogut2 -->
