<?xml version="1.0" encoding="UTF-8"?>
<!-- Generated by org.testng.reporters.JUnitReportReporter -->
<testsuite skipped="0" hostname="vmpc1075" name="com.vzone.login.sample1" tests="1" failures="0" timestamp="04 May 2017 10:54:29 GMT" time="0.002" errors="0">
  <testcase name="firsttestcase" time="0.002" classname="com.vzone.login.sample1"/>
</testsuite> <!-- com.vzone.login.sample1 -->
