<?xml version="1.0" encoding="UTF-8"?>
<!-- Generated by org.testng.reporters.JUnitReportReporter -->
<testsuite skipped="0" hostname="vmpc1075" name="com.vzone.login.vzone_LoginLogut" tests="2" failures="0" timestamp="04 May 2017 10:54:29 GMT" time="22.282" errors="0">
  <testcase name="LoginWithVaildCredentials" time="14.916" classname="com.vzone.login.vzone_LoginLogut"/>
  <testcase name="InvaildCredentials" time="7.366" classname="com.vzone.login.vzone_LoginLogut"/>
</testsuite> <!-- com.vzone.login.vzone_LoginLogut -->
