<?xml version="1.0" encoding="UTF-8"?>
<!-- Generated by org.testng.reporters.JUnitReportReporter -->
<testsuite skipped="0" hostname="vmpc1075" name="LoginLogout.LoginToVzone" tests="1" failures="0" timestamp="03 May 2017 09:51:29 GMT" time="11.871" errors="0">
  <testcase name="LoginToTestApplication" time="11.871" classname="LoginLogout.LoginToVzone"/>
</testsuite> <!-- LoginLogout.LoginToVzone -->
