<?xml version="1.0" encoding="UTF-8"?>
<!-- Generated by org.testng.reporters.JUnitReportReporter -->
<testsuite name="LoginLogout.InvalidLoginToVzone" tests="1" time="11.594" ignored="0" failures="0" timestamp="26 Apr 2017 07:26:52 GMT" skipped="0" hostname="vmpc1075" errors="0">
  <testcase name="invalidLogin" time="11.594" classname="LoginLogout.InvalidLoginToVzone"/>
</testsuite> <!-- LoginLogout.InvalidLoginToVzone -->
