<?xml version="1.0" encoding="UTF-8"?>
<!-- Generated by org.testng.reporters.JUnitReportReporter -->
<testsuite skipped="0" hostname="vmpc1075" name="com.ph.libraries.BaseClass" tests="3" failures="0" timestamp="25 Oct 2017 07:27:34 GMT" time="1.296" errors="0">
  <testcase name="getTitle" time="0.301" classname="com.ph.libraries.BaseClass"/>
  <testcase name="getTitle" time="0.242" classname="com.ph.libraries.BaseClass"/>
  <testcase name="getTitle" time="0.753" classname="com.ph.libraries.BaseClass"/>
</testsuite> <!-- com.ph.libraries.BaseClass -->
