<?xml version="1.0" encoding="UTF-8"?>
<!-- Generated by org.testng.reporters.JUnitReportReporter -->
<testsuite skipped="0" hostname="vmpc1075" name="JenkinsProjects.SampleDemo" tests="1" failures="0" timestamp="11 Oct 2017 09:37:44 GMT" time="0.007" errors="0">
  <testcase name="TestJenkins" time="0.007" classname="JenkinsProjects.SampleDemo"/>
</testsuite> <!-- JenkinsProjects.SampleDemo -->
