<?xml version="1.0" encoding="UTF-8"?>
<!-- Generated by org.testng.reporters.JUnitReportReporter -->
<testsuite skipped="0" hostname="vmpc1075" name="basic_scripts.IsElementPresent" tests="1" failures="0" timestamp="17 Oct 2017 06:39:25 GMT" time="17.588" errors="0">
  <testcase name="verifyErrormessage2" time="17.588" classname="basic_scripts.IsElementPresent"/>
</testsuite> <!-- basic_scripts.IsElementPresent -->
