<?xml version="1.0" encoding="UTF-8"?>
<!-- Generated by org.testng.reporters.JUnitReportReporter -->
<testsuite skipped="0" hostname="vmpc1075" name="Extent_Report.TestReport" tests="1" failures="0" timestamp="02 Jan 2018 11:17:27 GMT" time="14.667" errors="0">
  <testcase name="VerifyUrl" time="14.667" classname="Extent_Report.TestReport"/>
</testsuite> <!-- Extent_Report.TestReport -->
