<?xml version="1.0" encoding="UTF-8"?>
<!-- Generated by org.testng.reporters.JUnitReportReporter -->
<testsuite skipped="0" hostname="vmpc1075" name="Extent_Report.TestReport" tests="1" failures="0" timestamp="08 Jan 2018 10:36:37 GMT" time="17.490" errors="0">
  <testcase name="VerifyUrl" time="17.490" classname="Extent_Report.TestReport"/>
</testsuite> <!-- Extent_Report.TestReport -->
