<?xml version="1.0" encoding="UTF-8"?>
<!-- Generated by org.testng.reporters.JUnitReportReporter -->
<testsuite skipped="0" hostname="vmpc1075" name="Extent_Report.TestReport2" tests="1" failures="0" timestamp="11 Jan 2018 07:43:30 GMT" time="13.527" errors="0">
  <testcase name="VerifyUrl" time="13.527" classname="Extent_Report.TestReport2"/>
</testsuite> <!-- Extent_Report.TestReport2 -->
