<?xml version="1.0" encoding="UTF-8"?>
<!-- Generated by org.testng.reporters.JUnitReportReporter -->
<testsuite skipped="0" hostname="vmpc1075" name="basic_scripts.IsElementPresent" tests="1" failures="0" timestamp="19 Oct 2017 04:32:36 GMT" time="8.658" errors="0">
  <testcase name="verifyErrormessage" time="8.658" classname="basic_scripts.IsElementPresent"/>
</testsuite> <!-- basic_scripts.IsElementPresent -->
