<?xml version="1.0" encoding="UTF-8"?>
<!-- Generated by org.testng.reporters.JUnitReportReporter -->
<testsuite skipped="0" hostname="vmpc1075" name="com.ph.CrossbrowserTest.VerifyLandingPage" tests="3" failures="0" timestamp="02 Nov 2017 09:19:20 GMT" time="1.355" errors="0">
  <testcase name="TestCases" time="0.392" classname="com.ph.CrossbrowserTest.VerifyLandingPage"/>
  <testcase name="TestCases" time="0.710" classname="com.ph.CrossbrowserTest.VerifyLandingPage"/>
  <testcase name="TestCases" time="0.253" classname="com.ph.CrossbrowserTest.VerifyLandingPage"/>
</testsuite> <!-- com.ph.CrossbrowserTest.VerifyLandingPage -->
