<?xml version="1.0" encoding="UTF-8"?>
<!-- Generated by org.testng.reporters.JUnitReportReporter -->
<testsuite skipped="0" hostname="vmpc1075" name="com.ph.CrossbrowserTest.VerifyLandingPage" tests="3" failures="0" timestamp="08 Nov 2017 06:16:05 GMT" time="20.614" errors="0">
  <testcase name="TestCases" time="10.251" classname="com.ph.CrossbrowserTest.VerifyLandingPage"/>
  <testcase name="TestCases" time="5.459" classname="com.ph.CrossbrowserTest.VerifyLandingPage"/>
  <testcase name="TestCases" time="4.904" classname="com.ph.CrossbrowserTest.VerifyLandingPage"/>
</testsuite> <!-- com.ph.CrossbrowserTest.VerifyLandingPage -->
