<?xml version="1.0" encoding="UTF-8"?>
<!-- Generated by org.testng.reporters.JUnitReportReporter -->
<testsuite skipped="0" hostname="vmpc1075" name="com.ph.CrossbrowserTest.VerifyLandingPage" tests="3" failures="0" timestamp="26 Oct 2017 11:25:45 GMT" time="0.273" errors="0">
  <testcase name="TestCases" time="0.035" classname="com.ph.CrossbrowserTest.VerifyLandingPage"/>
  <testcase name="TestCases" time="0.044" classname="com.ph.CrossbrowserTest.VerifyLandingPage"/>
  <testcase name="TestCases" time="0.194" classname="com.ph.CrossbrowserTest.VerifyLandingPage"/>
</testsuite> <!-- com.ph.CrossbrowserTest.VerifyLandingPage -->
