<?xml version="1.0" encoding="UTF-8"?>
<!-- Generated by org.testng.reporters.JUnitReportReporter -->
<testsuite skipped="0" hostname="vmpc1075" name="com.HandleAlertWindow.test.SimpleAlertBox" tests="1" failures="0" timestamp="12 Jul 2017 10:06:30 GMT" time="25.979" errors="0">
  <testcase name="DemoAlert" time="25.979" classname="com.HandleAlertWindow.test.SimpleAlertBox"/>
</testsuite> <!-- com.HandleAlertWindow.test.SimpleAlertBox -->
