<?xml version="1.0" encoding="UTF-8"?>
<!-- Generated by org.testng.reporters.JUnitReportReporter -->
<testsuite skipped="0" hostname="vmpc1075" name="com.datadrivenframework.test.ddf1" tests="2" failures="0" timestamp="08 Jun 2017 09:07:38 GMT" time="38.852" errors="0">
  <testcase name="TestVzoneLogin" time="19.397" classname="com.datadrivenframework.test.ddf1"/>
  <testcase name="TestVzoneLogin" time="19.455" classname="com.datadrivenframework.test.ddf1"/>
</testsuite> <!-- com.datadrivenframework.test.ddf1 -->
