<?xml version="1.0" encoding="UTF-8"?>
<!-- Generated by org.testng.reporters.JUnitReportReporter -->
<testsuite skipped="1" hostname="vmpc1075" name="com.datadrivenframework.test.ddf1" tests="1" failures="0" timestamp="16 Jun 2017 12:40:47 GMT" time="0.000" errors="0">
  <testcase name="TestVzoneLogin" time="0.000" classname="com.datadrivenframework.test.ddf1">
    <skipped/>
  </testcase> <!-- TestVzoneLogin -->
</testsuite> <!-- com.datadrivenframework.test.ddf1 -->
