<?xml version="1.0" encoding="UTF-8"?>
<!-- Generated by org.testng.reporters.JUnitReportReporter -->
<testsuite skipped="0" hostname="vmpc1075" name="com.uploadFunctions.test.FileUpload" tests="1" failures="0" timestamp="20 Jun 2017 08:04:12 GMT" time="31.093" errors="0">
  <testcase name="Fileupload" time="31.093" classname="com.uploadFunctions.test.FileUpload"/>
</testsuite> <!-- com.uploadFunctions.test.FileUpload -->
