<?xml version="1.0" encoding="UTF-8"?>
<!-- Generated by org.testng.reporters.JUnitReportReporter -->
<testsuite skipped="0" hostname="vmpc1075" name="com.HandleAlertWindow.test.HandlePopupWindowOrBootstrap" tests="1" failures="0" timestamp="14 Jul 2017 10:12:11 GMT" time="83.853" errors="0">
  <testcase name="DemoPopup" time="83.853" classname="com.HandleAlertWindow.test.HandlePopupWindowOrBootstrap"/>
</testsuite> <!-- com.HandleAlertWindow.test.HandlePopupWindowOrBootstrap -->
