<?xml version="1.0" encoding="UTF-8"?>
<!-- Generated by org.testng.reporters.JUnitReportReporter -->
<testsuite skipped="0" hostname="vmpc1075" name="com.HandleAlertWindow.test.SimpleAlertBox" tests="1" failures="0" timestamp="11 Jul 2017 09:47:21 GMT" time="35.525" errors="0">
  <testcase name="DemoAlert" time="35.525" classname="com.HandleAlertWindow.test.SimpleAlertBox"/>
</testsuite> <!-- com.HandleAlertWindow.test.SimpleAlertBox -->
