<?xml version="1.0" encoding="UTF-8"?>
<!-- Generated by org.testng.reporters.JUnitReportReporter -->
<testsuite skipped="0" hostname="vmpc1075" name="com.HandleAlertWindow.test.UsingAlertMethod" tests="1" failures="0" timestamp="12 Jul 2017 10:26:20 GMT" time="35.810" errors="0">
  <testcase name="DemoAlert" time="35.810" classname="com.HandleAlertWindow.test.UsingAlertMethod"/>
</testsuite> <!-- com.HandleAlertWindow.test.UsingAlertMethod -->
